<?xml version="1.0" encoding="UTF-8"?>
<!-- Generated by org.testng.reporters.JUnitXMLReporter -->
<testsuite ignored="0" hostname="LAPTOP-8LNS6U6A" failures="0" tests="6" name="Default test" time="175.553" errors="0" timestamp="2022-12-29T15:45:38 IST">
  <testcase classname="monkey.testcases.TCMonkeyTest" name="monkeyClick" time="37.125"/>
  <testcase classname="monkey.testcases.TCMonkeyTest" name="monkeyTouch" time="40.686"/>
  <testcase classname="monkey.testcases.TCMonkeyTest" name="monkeyEnterText" time="23.319"/>
  <testcase classname="monkey.testcases.TCMonkeyTest" name="monkeyScroller" time="21.256"/>
  <testcase classname="monkey.testcases.TCMonkeyTest" name="monkeyTyper" time="26.693"/>
  <testcase classname="monkey.testcases.TCMonkeyTest" name="monkeyAlltogetherAttack" time="26.434"/>
</testsuite> <!-- Default test -->
